===== LOAD =====
Success
================
===== PRINT =====
0 6 13 0 0 
0 0 5 6 0 
0 2 0 7 4 
0 6 0 0 3 
0 0 5 2 0 
=================
===== DFS =====
0 2 4 3 19 
===============
===== DIJKSTRA =====
0 1 3 12 
====================
===== DIJKSTRAM =====
0 1 3 12 
=====================
===== BELLMANFORD =====
0 1 3 12 
=======================
===== DFS =====
1 3 4 9 
===============
===== DIJKSTRA =====
1 2 4 9 
====================
===== DIJKSTRAM =====
1 2 4 9 
=====================
===== BELLMANFORD =====
1 2 4 9 
=======================
===== DFS =====
InvalidVertexKey
===============
===== DIJKSTRA =====
InvalidVertexKey
====================
===== BELLMANFORD =====
VertexKeyNotExist
=======================
===== ASTAR =====
NonDefinedCommand
=================
